11:03:11,451 INFO  [org.alfresco.repo.admin] Using database URL 'jdbc:h2:/home/ayushi/Desktop/workspace/system-messages-repo/alf_data_dev/h2_data/alf_dev;AUTO_SERVER=TRUE;DB_CLOSE_ON_EXIT=FALSE;LOCK_TIMEOUT=10000;MVCC=FALSE;LOCK_MODE=0' with user 'alfresco'.
11:03:15,288 INFO  [org.alfresco.repo.admin] Connected to database H2 version 1.4.190 (2015-10-11)
11:03:20,940 INFO  [org.alfresco.repo.domain.schema.SchemaBootstrap] Ignoring script patch (post-Hibernate): patch.db-V4.2-metadata-query-indexes
11:03:20,940 INFO  [org.alfresco.repo.domain.schema.SchemaBootstrap] Ignoring script patch (post-Hibernate): patch.db-V5.1-metadata-query-indexes
11:03:28,879 INFO  [org.springframework.extensions.webscripts.TemplateProcessorRegistry] Registered template processor Repository Template Processor for extension ftl
11:03:28,882 INFO  [org.springframework.extensions.webscripts.ScriptProcessorRegistry] Registered script processor Repository Script Processor for extension js
11:03:31,146 INFO  [org.alfresco.repo.management.subsystems.ChildApplicationContextFactory] Starting 'ContentStore' subsystem, ID: [ContentStore, managed, unencrypted]
11:03:31,197 INFO  [org.alfresco.repo.management.subsystems.ChildApplicationContextFactory] Startup of 'ContentStore' subsystem, ID: [ContentStore, managed, unencrypted] complete
11:03:31,222 INFO  [org.alfresco.repo.domain.schema.SchemaBootstrap] Connecting to database: jdbc:h2:/home/ayushi/Desktop/workspace/system-messages-repo/alf_data_dev/h2_data/alf_dev, UserName=ALFRESCO, H2 JDBC Driver
11:03:31,223 INFO  [org.alfresco.repo.domain.schema.SchemaBootstrap] Schema managed by database dialect org.hibernate.dialect.H2Dialect.
11:03:31,613 INFO  [org.alfresco.repo.domain.schema.SchemaBootstrap] No changes were made to the schema.
11:03:31,859 INFO  [org.alfresco.repo.management.subsystems.ChildApplicationContextFactory] Starting 'Authentication' subsystem, ID: [Authentication, managed, alfrescoNtlm1]
11:03:32,033 INFO  [org.alfresco.repo.management.subsystems.ChildApplicationContextFactory] Startup of 'Authentication' subsystem, ID: [Authentication, managed, alfrescoNtlm1] complete
11:03:32,669 INFO  [org.alfresco.repo.management.subsystems.ChildApplicationContextFactory] Starting 'thirdparty' subsystem, ID: [thirdparty, default]
11:03:32,736 ERROR [org.alfresco.repo.content.transform.magick.AbstractImageMagickContentTransformerWorker] ImageMagickContentTransformerWorker not available: 07230001 Failed to perform ImageMagick transformation: 
Execution result: 
   os:         Linux
   command:    ./ImageMagick/bin/convert /home/ayushi/Desktop/workspace/system-messages-repo/target/Alfresco/ImageMagickContentTransformerWorker_init_source_6852148840416373857.gif /home/ayushi/Desktop/workspace/system-messages-repo/target/Alfresco/ImageMagickContentTransformerWorker_init_target_3512927866396762902.png
   succeeded:  false
   exit code:  1
   out:        
   err:        Cannot run program "./ImageMagick/bin/convert": error=2, No such file or directory
11:03:32,736 INFO  [org.alfresco.repo.management.subsystems.ChildApplicationContextFactory] Startup of 'thirdparty' subsystem, ID: [thirdparty, default] complete
11:03:32,737 INFO  [org.alfresco.repo.management.subsystems.ChildApplicationContextFactory] Starting 'OOoDirect' subsystem, ID: [OOoDirect, default]
11:03:33,100 WARN  [org.alfresco.util.OpenOfficeConnectionTester] An initial OpenOffice connection could not be established.
11:03:33,109 INFO  [org.alfresco.repo.management.subsystems.ChildApplicationContextFactory] Startup of 'OOoDirect' subsystem, ID: [OOoDirect, default] complete
11:03:33,111 INFO  [org.alfresco.repo.admin.ConfigurationChecker] The Alfresco root data directory ('dir.root') is: /home/ayushi/Desktop/workspace/system-messages-repo/alf_data_dev
11:03:33,111 INFO  [org.alfresco.repo.management.subsystems.ChildApplicationContextFactory] Starting 'Search' subsystem, ID: [Search, hidden]
11:03:33,804 ERROR [org.alfresco.repo.search.impl.lucene.fts.FullTextSearchIndexerBootstrapBean] The lucene search subsystem is not supported. Please see http://docs.alfresco.com/null.null/tasks/lucene-solr4-migration.html
11:03:33,806 INFO  [org.alfresco.repo.management.subsystems.ChildApplicationContextFactory] Startup of 'Search' subsystem, ID: [Search, hidden] complete
11:03:33,828 INFO  [org.alfresco.repo.admin.patch.PatchExecuter] Checking for patches to apply ...
11:03:34,037 INFO  [org.alfresco.repo.admin.patch.PatchExecuter] No patches were required.
11:03:34,054 INFO  [org.alfresco.repo.module.ModuleServiceImpl] Found 2 module package(s).
11:03:34,073 INFO  [org.alfresco.repo.module.ModuleServiceImpl] Starting module 'system-messages-repo' version 1.0-SNAPSHOT.
11:03:34,085 INFO  [org.alfresco.repo.module.ModuleServiceImpl] Starting module 'alfresco-share-services' version 5.1.0.
11:03:34,092 INFO  [org.alfresco.repo.management.subsystems.ChildApplicationContextFactory] Starting 'fileServers' subsystem, ID: [fileServers, default]
11:03:34,422 INFO  [org.alfresco.repo.management.subsystems.ChildApplicationContextFactory] Starting 'sysAdmin' subsystem, ID: [sysAdmin, default]
11:03:34,448 INFO  [org.alfresco.repo.management.subsystems.ChildApplicationContextFactory] Startup of 'sysAdmin' subsystem, ID: [sysAdmin, default] complete
11:03:34,465 INFO  [org.alfresco.repo.management.subsystems.ChildApplicationContextFactory] Startup of 'fileServers' subsystem, ID: [fileServers, default] complete
11:03:34,466 INFO  [org.alfresco.repo.management.subsystems.ChildApplicationContextFactory] Starting 'imap' subsystem, ID: [imap, default]
11:03:34,579 INFO  [org.alfresco.repo.management.subsystems.ChildApplicationContextFactory] Startup of 'imap' subsystem, ID: [imap, default] complete
11:03:34,579 INFO  [org.alfresco.repo.management.subsystems.ChildApplicationContextFactory] Starting 'email' subsystem, ID: [email, outbound]
11:03:34,885 INFO  [org.alfresco.repo.management.subsystems.ChildApplicationContextFactory] Startup of 'email' subsystem, ID: [email, outbound] complete
11:03:34,886 INFO  [org.alfresco.repo.management.subsystems.ChildApplicationContextFactory] Starting 'email' subsystem, ID: [email, inbound]
11:03:34,950 INFO  [org.alfresco.repo.management.subsystems.ChildApplicationContextFactory] Startup of 'email' subsystem, ID: [email, inbound] complete
11:03:34,950 INFO  [org.alfresco.repo.management.subsystems.ChildApplicationContextFactory] Starting 'Subscriptions' subsystem, ID: [Subscriptions, default]
11:03:34,980 INFO  [org.alfresco.repo.management.subsystems.ChildApplicationContextFactory] Startup of 'Subscriptions' subsystem, ID: [Subscriptions, default] complete
11:03:35,517 INFO  [org.alfresco.repo.management.subsystems.ChildApplicationContextFactory] Starting 'Synchronization' subsystem, ID: [Synchronization, default]
11:03:35,634 INFO  [org.alfresco.repo.management.subsystems.ChildApplicationContextFactory] Startup of 'Synchronization' subsystem, ID: [Synchronization, default] complete
11:03:35,655 INFO  [org.alfresco.service.descriptor.DescriptorService] Alfresco JVM - v1.8.0_131-b11; maximum heap size 3454.500MB
11:03:35,655 INFO  [org.alfresco.service.descriptor.DescriptorService] Server Mode :UNKNOWN
11:03:35,660 INFO  [org.alfresco.service.descriptor.DescriptorService] Alfresco started (Community). Current version: 5.1.0 (r122274-b3) schema 9,016. Originally installed version: 5.1.0 (r122274-b3) schema 9,016.
11:03:35,672 INFO  [org.alfresco.repo.management.subsystems.ChildApplicationContextFactory] Starting 'ActivitiesFeed' subsystem, ID: [ActivitiesFeed, default]
11:03:35,916 INFO  [org.alfresco.repo.management.subsystems.ChildApplicationContextFactory] Startup of 'ActivitiesFeed' subsystem, ID: [ActivitiesFeed, default] complete
11:03:35,916 INFO  [org.alfresco.repo.management.subsystems.ChildApplicationContextFactory] Starting 'Replication' subsystem, ID: [Replication, default]
11:03:35,943 INFO  [org.alfresco.repo.management.subsystems.ChildApplicationContextFactory] Startup of 'Replication' subsystem, ID: [Replication, default] complete
11:03:41,064 INFO  [org.springframework.extensions.webscripts.DeclarativeRegistry] Registered 400 Web Scripts (+0 failed), 550 URLs
11:03:41,066 INFO  [org.springframework.extensions.webscripts.DeclarativeRegistry] Registered 1 Package Description Documents (+0 failed) 
11:03:41,066 INFO  [org.springframework.extensions.webscripts.DeclarativeRegistry] Registered 0 Schema Description Documents (+0 failed) 
11:03:42,872 INFO  [org.springframework.extensions.webscripts.DeclarativeRegistry] Registered 400 Web Scripts (+0 failed), 550 URLs
11:03:42,872 INFO  [org.springframework.extensions.webscripts.DeclarativeRegistry] Registered 1 Package Description Documents (+0 failed) 
11:03:42,872 INFO  [org.springframework.extensions.webscripts.DeclarativeRegistry] Registered 0 Schema Description Documents (+0 failed) 
11:03:42,875 INFO  [org.springframework.extensions.webscripts.AbstractRuntimeContainer] Initialised Repository Web Script Container (in 5089.9272ms)
11:03:42,891 INFO  [org.springframework.extensions.webscripts.TemplateProcessorRegistry] Registered template processor freemarker for extension ftl
11:03:42,894 INFO  [org.springframework.extensions.webscripts.ScriptProcessorRegistry] Registered script processor javascript for extension js
11:03:44,639 INFO  [org.springframework.extensions.webscripts.DeclarativeRegistry] Registered 400 Web Scripts (+0 failed), 550 URLs
11:03:44,639 INFO  [org.springframework.extensions.webscripts.DeclarativeRegistry] Registered 1 Package Description Documents (+0 failed) 
11:03:44,640 INFO  [org.springframework.extensions.webscripts.DeclarativeRegistry] Registered 0 Schema Description Documents (+0 failed) 
11:03:44,728 INFO  [org.springframework.extensions.webscripts.DeclarativeRegistry] Registered 11 Web Scripts (+0 failed), 82 URLs
11:03:44,728 INFO  [org.springframework.extensions.webscripts.DeclarativeRegistry] Registered 0 Package Description Documents (+0 failed) 
11:03:44,728 INFO  [org.springframework.extensions.webscripts.DeclarativeRegistry] Registered 0 Schema Description Documents (+0 failed) 
11:03:44,822 INFO  [org.springframework.extensions.webscripts.DeclarativeRegistry] Registered 11 Web Scripts (+0 failed), 82 URLs
11:03:44,823 INFO  [org.springframework.extensions.webscripts.DeclarativeRegistry] Registered 0 Package Description Documents (+0 failed) 
11:03:44,823 INFO  [org.springframework.extensions.webscripts.DeclarativeRegistry] Registered 0 Schema Description Documents (+0 failed) 
11:03:44,825 INFO  [org.springframework.extensions.webscripts.AbstractRuntimeContainer] Initialised Public Api Web Script Container (in 1762.1688ms)
11:03:44,868 INFO  [org.springframework.extensions.webscripts.DeclarativeRegistry] Registered 11 Web Scripts (+0 failed), 82 URLs
11:03:44,869 INFO  [org.springframework.extensions.webscripts.DeclarativeRegistry] Registered 0 Package Description Documents (+0 failed) 
11:03:44,869 INFO  [org.springframework.extensions.webscripts.DeclarativeRegistry] Registered 0 Schema Description Documents (+0 failed) 
11:03:47,527 WARN  [org.apache.myfaces.shared_impl.util.LocaleUtils] Locale name in faces-config.xml null or empty, setting locale to default locale : en_IN
11:05:00,094 WARN  [org.alfresco.util.OpenOfficeConnectionTester] Error trying to query Open Office version information. OpenOffice.org's ConfigurationRegistry not implemented in this version of OOo. This should not affect the operation of OOo.
11:05:00,094 INFO  [org.alfresco.util.OpenOfficeConnectionTester] The OpenOffice connection was re-established.
11:10:24,174 ERROR [org.alfresco.util.SocketOpenOfficeConnection] disconnected unexpectedly
11:10:24,307 INFO  [org.alfresco.repo.management.subsystems.ChildApplicationContextFactory] Stopping 'Replication' subsystem, ID: [Replication, default]
11:10:24,308 INFO  [org.alfresco.repo.management.subsystems.ChildApplicationContextFactory] Stopped 'Replication' subsystem, ID: [Replication, default]
11:10:24,339 INFO  [org.alfresco.repo.management.subsystems.ChildApplicationContextFactory] Stopping 'Subscriptions' subsystem, ID: [Subscriptions, default]
11:10:24,339 INFO  [org.alfresco.repo.management.subsystems.ChildApplicationContextFactory] Stopped 'Subscriptions' subsystem, ID: [Subscriptions, default]
11:10:24,339 INFO  [org.alfresco.repo.management.subsystems.ChildApplicationContextFactory] Stopping 'email' subsystem, ID: [email, inbound]
11:10:24,340 INFO  [org.alfresco.repo.management.subsystems.ChildApplicationContextFactory] Stopped 'email' subsystem, ID: [email, inbound]
11:10:24,340 INFO  [org.alfresco.repo.management.subsystems.ChildApplicationContextFactory] Stopping 'fileServers' subsystem, ID: [fileServers, default]
11:10:24,341 INFO  [org.alfresco.repo.management.subsystems.ChildApplicationContextFactory] Stopped 'fileServers' subsystem, ID: [fileServers, default]
11:10:24,347 INFO  [org.alfresco.repo.management.subsystems.ChildApplicationContextFactory] Stopping 'ActivitiesFeed' subsystem, ID: [ActivitiesFeed, default]
11:10:24,347 INFO  [org.alfresco.repo.management.subsystems.ChildApplicationContextFactory] Stopped 'ActivitiesFeed' subsystem, ID: [ActivitiesFeed, default]
11:10:24,348 WARN  [org.springframework.beans.factory.support.DisposableBeanAdapter] Invocation of destroy method 'close' failed on bean with name 'solrSqlSessionTemplate': java.lang.UnsupportedOperationException: Manual close is not allowed over a Spring managed SqlSession
11:10:24,348 WARN  [org.springframework.beans.factory.support.DisposableBeanAdapter] Invocation of destroy method 'close' failed on bean with name 'activitiesSqlSessionTemplate': java.lang.UnsupportedOperationException: Manual close is not allowed over a Spring managed SqlSession
11:10:24,349 INFO  [org.alfresco.repo.management.subsystems.ChildApplicationContextFactory] Stopping 'OOoDirect' subsystem, ID: [OOoDirect, default]
11:10:24,350 INFO  [org.alfresco.repo.management.subsystems.ChildApplicationContextFactory] Stopped 'OOoDirect' subsystem, ID: [OOoDirect, default]
11:10:24,350 INFO  [org.alfresco.repo.management.subsystems.ChildApplicationContextFactory] Stopping 'ContentStore' subsystem, ID: [ContentStore, managed, unencrypted]
11:10:24,350 INFO  [org.alfresco.repo.management.subsystems.ChildApplicationContextFactory] Stopped 'ContentStore' subsystem, ID: [ContentStore, managed, unencrypted]
11:10:24,351 INFO  [org.alfresco.repo.management.subsystems.ChildApplicationContextFactory] Stopping 'Synchronization' subsystem, ID: [Synchronization, default]
11:10:24,352 INFO  [org.alfresco.repo.management.subsystems.ChildApplicationContextFactory] Stopped 'Synchronization' subsystem, ID: [Synchronization, default]
11:10:24,362 INFO  [org.alfresco.repo.management.subsystems.ChildApplicationContextFactory] Stopping 'email' subsystem, ID: [email, outbound]
11:10:24,363 INFO  [org.alfresco.repo.management.subsystems.ChildApplicationContextFactory] Stopped 'email' subsystem, ID: [email, outbound]
11:10:24,370 INFO  [org.alfresco.repo.management.subsystems.ChildApplicationContextFactory] Stopping 'imap' subsystem, ID: [imap, default]
11:10:24,371 INFO  [org.alfresco.repo.management.subsystems.ChildApplicationContextFactory] Stopped 'imap' subsystem, ID: [imap, default]
11:10:24,570 INFO  [org.alfresco.repo.management.subsystems.ChildApplicationContextFactory] Stopping 'Search' subsystem, ID: [Search, hidden]
11:10:25,014 INFO  [org.alfresco.repo.management.subsystems.ChildApplicationContextFactory] Stopped 'Search' subsystem, ID: [Search, hidden]
11:10:25,089 WARN  [org.springframework.beans.factory.support.DisposableBeanAdapter] Invocation of destroy method 'close' failed on bean with name 'locksSqlSessionTemplate': java.lang.UnsupportedOperationException: Manual close is not allowed over a Spring managed SqlSession
11:10:25,091 WARN  [org.springframework.beans.factory.support.DisposableBeanAdapter] Invocation of destroy method 'close' failed on bean with name 'propertyValueSqlSessionTemplate': java.lang.UnsupportedOperationException: Manual close is not allowed over a Spring managed SqlSession
11:10:25,091 INFO  [org.alfresco.repo.management.subsystems.ChildApplicationContextFactory] Stopping 'thirdparty' subsystem, ID: [thirdparty, default]
11:10:25,091 INFO  [org.alfresco.repo.management.subsystems.ChildApplicationContextFactory] Stopped 'thirdparty' subsystem, ID: [thirdparty, default]
11:10:25,092 WARN  [org.springframework.beans.factory.support.DisposableBeanAdapter] Invocation of destroy method 'close' failed on bean with name 'auditSqlSessionTemplate': java.lang.UnsupportedOperationException: Manual close is not allowed over a Spring managed SqlSession
11:10:25,093 INFO  [org.alfresco.repo.management.subsystems.ChildApplicationContextFactory] Stopping 'Authentication' subsystem, ID: [Authentication, managed, alfrescoNtlm1]
11:10:25,093 INFO  [org.alfresco.repo.management.subsystems.ChildApplicationContextFactory] Stopped 'Authentication' subsystem, ID: [Authentication, managed, alfrescoNtlm1]
11:10:25,093 INFO  [org.alfresco.repo.management.subsystems.ChildApplicationContextFactory] Stopping 'sysAdmin' subsystem, ID: [sysAdmin, default]
11:10:25,094 INFO  [org.alfresco.repo.management.subsystems.ChildApplicationContextFactory] Stopped 'sysAdmin' subsystem, ID: [sysAdmin, default]
11:10:25,094 WARN  [org.springframework.beans.factory.support.DisposableBeanAdapter] Invocation of destroy method 'close' failed on bean with name 'contentSqlSessionTemplate': java.lang.UnsupportedOperationException: Manual close is not allowed over a Spring managed SqlSession
11:10:25,096 WARN  [org.springframework.beans.factory.support.DisposableBeanAdapter] Invocation of destroy method 'close' failed on bean with name 'repoSqlSessionTemplate': java.lang.UnsupportedOperationException: Manual close is not allowed over a Spring managed SqlSession
